Info: Starting: Create block symbol file (.bsf)
Info: qsys-generate /home/nicholas/Downloads/DE0-Nano-SoC_v.1.1.0_SystemCD/Demonstrations/SoC_FPGA/ADC_DE0/soc_system.qsys --block-symbol-file --output-directory=/home/nicholas/Downloads/DE0-Nano-SoC_v.1.1.0_SystemCD/Demonstrations/SoC_FPGA/ADC_DE0/soc_system --family="Cyclone V" --part=5CSEMA4U23C6
Progress: Loading ADC_DE0/soc_system.qsys
Progress: Reading input file
Progress: Adding ADC_HPS [altera_avalon_pio 15.1]
Progress: Parameterizing module ADC_HPS
Progress: Adding HPS_DATA [altera_avalon_pio 15.1]
Progress: Parameterizing module HPS_DATA
Progress: Adding HPS_REQUEST [altera_avalon_pio 15.1]
Progress: Parameterizing module HPS_REQUEST
Progress: Adding button_pio [altera_avalon_pio 15.1]
Progress: Parameterizing module button_pio
Progress: Adding clk_0 [clock_source 15.1]
Progress: Parameterizing module clk_0
Progress: Adding dipsw_pio [altera_avalon_pio 15.1]
Progress: Parameterizing module dipsw_pio
Progress: Adding fpga_only_master [altera_jtag_avalon_master 15.1]
Progress: Parameterizing module fpga_only_master
Progress: Adding hps_0 [altera_hps 15.1]
Progress: Parameterizing module hps_0
Progress: Adding hps_only_master [altera_jtag_avalon_master 15.1]
Progress: Parameterizing module hps_only_master
Progress: Adding intr_capturer_0 [intr_capturer 100.99.98.97]
Progress: Parameterizing module intr_capturer_0
Progress: Adding jtag_uart [altera_avalon_jtag_uart 15.1]
Progress: Parameterizing module jtag_uart
Progress: Adding led_pio [altera_avalon_pio 15.1]
Progress: Parameterizing module led_pio
Progress: Adding onchip_memory2_0 [altera_avalon_onchip_memory2 15.1]
Progress: Parameterizing module onchip_memory2_0
Progress: Adding sysid_qsys [altera_avalon_sysid_qsys 15.1]
Progress: Parameterizing module sysid_qsys
Progress: Building connections
Progress: Parameterizing connections
Progress: Validating
Progress: Done reading input file
Info: soc_system.HPS_DATA: PIO inputs are not hardwired in test bench. Undefined values will be read from PIO inputs during simulation.
Info: soc_system.hps_0: HPS Main PLL counter settings: n = 0  m = 73
Info: soc_system.hps_0: HPS peripherial PLL counter settings: n = 0  m = 39
Warning: soc_system.hps_0: "Configuration/HPS-to-FPGA user 0 clock frequency" (desired_cfg_clk_mhz) requested 100.0 MHz, but only achieved 97.368421 MHz
Warning: soc_system.hps_0: 1 or more output clock frequencies cannot be achieved precisely, consider revising desired output clock frequencies.
Info: qsys-generate succeeded.
Info: Finished: Create block symbol file (.bsf)
Info: 
Info: Starting: Create HDL design files for synthesis
Info: qsys-generate /home/nicholas/Downloads/DE0-Nano-SoC_v.1.1.0_SystemCD/Demonstrations/SoC_FPGA/ADC_DE0/soc_system.qsys --synthesis=VERILOG --output-directory=/home/nicholas/Downloads/DE0-Nano-SoC_v.1.1.0_SystemCD/Demonstrations/SoC_FPGA/ADC_DE0/soc_system/synthesis --family="Cyclone V" --part=5CSEMA4U23C6
Progress: Loading ADC_DE0/soc_system.qsys
Progress: Reading input file
Progress: Adding ADC_HPS [altera_avalon_pio 15.1]
Progress: Parameterizing module ADC_HPS
Progress: Adding HPS_DATA [altera_avalon_pio 15.1]
Progress: Parameterizing module HPS_DATA
Progress: Adding HPS_REQUEST [altera_avalon_pio 15.1]
Progress: Parameterizing module HPS_REQUEST
Progress: Adding button_pio [altera_avalon_pio 15.1]
Progress: Parameterizing module button_pio
Progress: Adding clk_0 [clock_source 15.1]
Progress: Parameterizing module clk_0
Progress: Adding dipsw_pio [altera_avalon_pio 15.1]
Progress: Parameterizing module dipsw_pio
Progress: Adding fpga_only_master [altera_jtag_avalon_master 15.1]
Progress: Parameterizing module fpga_only_master
Progress: Adding hps_0 [altera_hps 15.1]
Progress: Parameterizing module hps_0
Progress: Adding hps_only_master [altera_jtag_avalon_master 15.1]
Progress: Parameterizing module hps_only_master
Progress: Adding intr_capturer_0 [intr_capturer 100.99.98.97]
Progress: Parameterizing module intr_capturer_0
Progress: Adding jtag_uart [altera_avalon_jtag_uart 15.1]
Progress: Parameterizing module jtag_uart
Progress: Adding led_pio [altera_avalon_pio 15.1]
Progress: Parameterizing module led_pio
Progress: Adding onchip_memory2_0 [altera_avalon_onchip_memory2 15.1]
Progress: Parameterizing module onchip_memory2_0
Progress: Adding sysid_qsys [altera_avalon_sysid_qsys 15.1]
Progress: Parameterizing module sysid_qsys
Progress: Building connections
Progress: Parameterizing connections
Progress: Validating
Progress: Done reading input file
Info: soc_system.HPS_DATA: PIO inputs are not hardwired in test bench. Undefined values will be read from PIO inputs during simulation.
Info: soc_system.hps_0: HPS Main PLL counter settings: n = 0  m = 73
Info: soc_system.hps_0: HPS peripherial PLL counter settings: n = 0  m = 39
Warning: soc_system.hps_0: "Configuration/HPS-to-FPGA user 0 clock frequency" (desired_cfg_clk_mhz) requested 100.0 MHz, but only achieved 97.368421 MHz
Warning: soc_system.hps_0: 1 or more output clock frequencies cannot be achieved precisely, consider revising desired output clock frequencies.
Info: soc_system: Generating soc_system "soc_system" for QUARTUS_SYNTH
Info: Interconnect is inserted between master hps_0.h2f_lw_axi_master and slave HPS_DATA.s1 because the master is of type axi and the slave is of type avalon.
Info: Interconnect is inserted between master hps_only_master.master and slave hps_0.f2h_axi_slave because the master is of type avalon and the slave is of type axi.
Warning: hps_0.f2h_irq0: Cannot connect clock for irq_mapper.sender
Warning: hps_0.f2h_irq0: Cannot connect reset for irq_mapper.sender
Warning: hps_0.f2h_irq1: Cannot connect clock for irq_mapper_001.sender
Warning: hps_0.f2h_irq1: Cannot connect reset for irq_mapper_001.sender
Info: HPS_DATA: Starting RTL generation for module 'soc_system_HPS_DATA'
Info: HPS_DATA:   Generation command is [exec /home/nicholas/altera_lite/15.1/quartus/linux64/perl/bin/perl -I /home/nicholas/altera_lite/15.1/quartus/linux64/perl/lib -I /home/nicholas/altera_lite/15.1/quartus/sopc_builder/bin/europa -I /home/nicholas/altera_lite/15.1/quartus/sopc_builder/bin/perl_lib -I /home/nicholas/altera_lite/15.1/quartus/sopc_builder/bin -I /home/nicholas/altera_lite/15.1/quartus/../ip/altera/sopc_builder_ip/common -I /home/nicholas/altera_lite/15.1/quartus/../ip/altera/sopc_builder_ip/altera_avalon_pio -- /home/nicholas/altera_lite/15.1/quartus/../ip/altera/sopc_builder_ip/altera_avalon_pio/generate_rtl.pl --name=soc_system_HPS_DATA --dir=/tmp/alt6980_3043460314835480217.dir/0001_HPS_DATA_gen/ --quartus_dir=/home/nicholas/altera_lite/15.1/quartus --verilog --config=/tmp/alt6980_3043460314835480217.dir/0001_HPS_DATA_gen//soc_system_HPS_DATA_component_configuration.pl  --do_build_sim=0  ]
Info: HPS_DATA: Done RTL generation for module 'soc_system_HPS_DATA'
Info: HPS_DATA: "soc_system" instantiated altera_avalon_pio "HPS_DATA"
Info: fpga_only_master: "soc_system" instantiated altera_jtag_avalon_master "fpga_only_master"
Info: hps_0: "Running  for module: hps_0"
Info: hps_0: HPS Main PLL counter settings: n = 0  m = 73
Info: hps_0: HPS peripherial PLL counter settings: n = 0  m = 39
Warning: hps_0: "Configuration/HPS-to-FPGA user 0 clock frequency" (desired_cfg_clk_mhz) requested 100.0 MHz, but only achieved 97.368421 MHz
Warning: hps_0: 1 or more output clock frequencies cannot be achieved precisely, consider revising desired output clock frequencies.
Info: hps_0: "soc_system" instantiated altera_hps "hps_0"
Info: intr_capturer_0: "soc_system" instantiated intr_capturer "intr_capturer_0"
Info: onchip_memory2_0: Starting RTL generation for module 'soc_system_onchip_memory2_0'
Info: onchip_memory2_0:   Generation command is [exec /home/nicholas/altera_lite/15.1/quartus/linux64/perl/bin/perl -I /home/nicholas/altera_lite/15.1/quartus/linux64/perl/lib -I /home/nicholas/altera_lite/15.1/quartus/sopc_builder/bin/europa -I /home/nicholas/altera_lite/15.1/quartus/sopc_builder/bin/perl_lib -I /home/nicholas/altera_lite/15.1/quartus/sopc_builder/bin -I /home/nicholas/altera_lite/15.1/quartus/../ip/altera/sopc_builder_ip/common -I /home/nicholas/altera_lite/15.1/quartus/../ip/altera/sopc_builder_ip/altera_avalon_onchip_memory2 -- /home/nicholas/altera_lite/15.1/quartus/../ip/altera/sopc_builder_ip/altera_avalon_onchip_memory2/generate_rtl.pl --name=soc_system_onchip_memory2_0 --dir=/tmp/alt6980_3043460314835480217.dir/0003_onchip_memory2_0_gen/ --quartus_dir=/home/nicholas/altera_lite/15.1/quartus --verilog --config=/tmp/alt6980_3043460314835480217.dir/0003_onchip_memory2_0_gen//soc_system_onchip_memory2_0_component_configuration.pl  --do_build_sim=0  ]
Info: onchip_memory2_0: Done RTL generation for module 'soc_system_onchip_memory2_0'
Info: onchip_memory2_0: "soc_system" instantiated altera_avalon_onchip_memory2 "onchip_memory2_0"
Info: avalon_st_adapter: Inserting error_adapter: error_adapter_0
Info: avalon_st_adapter_001: Inserting error_adapter: error_adapter_0
Info: mm_interconnect_0: "soc_system" instantiated altera_mm_interconnect "mm_interconnect_0"
Info: avalon_st_adapter: Inserting error_adapter: error_adapter_0
Info: mm_interconnect_1: "soc_system" instantiated altera_mm_interconnect "mm_interconnect_1"
Info: mm_interconnect_2: "soc_system" instantiated altera_mm_interconnect "mm_interconnect_2"
Info: irq_mapper: "soc_system" instantiated altera_irq_mapper "irq_mapper"
Info: rst_controller: "soc_system" instantiated altera_reset_controller "rst_controller"
Info: jtag_phy_embedded_in_jtag_master: "fpga_only_master" instantiated altera_jtag_dc_streaming "jtag_phy_embedded_in_jtag_master"
Info: timing_adt: "fpga_only_master" instantiated timing_adapter "timing_adt"
Info: fifo: "fpga_only_master" instantiated altera_avalon_sc_fifo "fifo"
Info: b2p: "fpga_only_master" instantiated altera_avalon_st_bytes_to_packets "b2p"
Info: p2b: "fpga_only_master" instantiated altera_avalon_st_packets_to_bytes "p2b"
Info: transacto: "fpga_only_master" instantiated altera_avalon_packets_to_master "transacto"
Info: b2p_adapter: "fpga_only_master" instantiated channel_adapter "b2p_adapter"
Info: p2b_adapter: "fpga_only_master" instantiated channel_adapter "p2b_adapter"
Info: fpga_interfaces: "hps_0" instantiated altera_interface_generator "fpga_interfaces"
Info: hps_io: "hps_0" instantiated altera_hps_io "hps_io"
Info: fpga_only_master_master_translator: "mm_interconnect_0" instantiated altera_merlin_master_translator "fpga_only_master_master_translator"
Info: onchip_memory2_0_s1_translator: "mm_interconnect_0" instantiated altera_merlin_slave_translator "onchip_memory2_0_s1_translator"
Info: hps_0_h2f_axi_master_agent: "mm_interconnect_0" instantiated altera_merlin_axi_master_ni "hps_0_h2f_axi_master_agent"
Info: fpga_only_master_master_agent: "mm_interconnect_0" instantiated altera_merlin_master_agent "fpga_only_master_master_agent"
Info: onchip_memory2_0_s1_agent: "mm_interconnect_0" instantiated altera_merlin_slave_agent "onchip_memory2_0_s1_agent"
Info: router: "mm_interconnect_0" instantiated altera_merlin_router "router"
Info: router_002: "mm_interconnect_0" instantiated altera_merlin_router "router_002"
Info: router_003: "mm_interconnect_0" instantiated altera_merlin_router "router_003"
Info: router_004: "mm_interconnect_0" instantiated altera_merlin_router "router_004"
Info: fpga_only_master_master_limiter: "mm_interconnect_0" instantiated altera_merlin_traffic_limiter "fpga_only_master_master_limiter"
Info: Reusing file /home/nicholas/Downloads/DE0-Nano-SoC_v.1.1.0_SystemCD/Demonstrations/SoC_FPGA/ADC_DE0/soc_system/synthesis/submodules/altera_avalon_sc_fifo.v
Info: Reusing file /home/nicholas/Downloads/DE0-Nano-SoC_v.1.1.0_SystemCD/Demonstrations/SoC_FPGA/ADC_DE0/soc_system/synthesis/submodules/altera_avalon_st_pipeline_base.v
Info: onchip_memory2_0_s1_burst_adapter: "mm_interconnect_0" instantiated altera_merlin_burst_adapter "onchip_memory2_0_s1_burst_adapter"
Info: Reusing file /home/nicholas/Downloads/DE0-Nano-SoC_v.1.1.0_SystemCD/Demonstrations/SoC_FPGA/ADC_DE0/soc_system/synthesis/submodules/altera_merlin_address_alignment.sv
Info: Reusing file /home/nicholas/Downloads/DE0-Nano-SoC_v.1.1.0_SystemCD/Demonstrations/SoC_FPGA/ADC_DE0/soc_system/synthesis/submodules/altera_avalon_st_pipeline_stage.sv
Info: Reusing file /home/nicholas/Downloads/DE0-Nano-SoC_v.1.1.0_SystemCD/Demonstrations/SoC_FPGA/ADC_DE0/soc_system/synthesis/submodules/altera_avalon_st_pipeline_base.v
Info: cmd_demux: "mm_interconnect_0" instantiated altera_merlin_demultiplexer "cmd_demux"
Info: cmd_demux_002: "mm_interconnect_0" instantiated altera_merlin_demultiplexer "cmd_demux_002"
Info: cmd_mux: "mm_interconnect_0" instantiated altera_merlin_multiplexer "cmd_mux"
Info: cmd_mux_001: "mm_interconnect_0" instantiated altera_merlin_multiplexer "cmd_mux_001"
Info: Reusing file /home/nicholas/Downloads/DE0-Nano-SoC_v.1.1.0_SystemCD/Demonstrations/SoC_FPGA/ADC_DE0/soc_system/synthesis/submodules/altera_merlin_arbitrator.sv
Info: rsp_demux: "mm_interconnect_0" instantiated altera_merlin_demultiplexer "rsp_demux"
Info: rsp_demux_001: "mm_interconnect_0" instantiated altera_merlin_demultiplexer "rsp_demux_001"
Info: rsp_mux: "mm_interconnect_0" instantiated altera_merlin_multiplexer "rsp_mux"
Info: Reusing file /home/nicholas/Downloads/DE0-Nano-SoC_v.1.1.0_SystemCD/Demonstrations/SoC_FPGA/ADC_DE0/soc_system/synthesis/submodules/altera_merlin_arbitrator.sv
Info: rsp_mux_002: "mm_interconnect_0" instantiated altera_merlin_multiplexer "rsp_mux_002"
Info: Reusing file /home/nicholas/Downloads/DE0-Nano-SoC_v.1.1.0_SystemCD/Demonstrations/SoC_FPGA/ADC_DE0/soc_system/synthesis/submodules/altera_merlin_arbitrator.sv
Info: hps_0_h2f_axi_master_wr_to_onchip_memory2_0_s1_cmd_width_adapter: "mm_interconnect_0" instantiated altera_merlin_width_adapter "hps_0_h2f_axi_master_wr_to_onchip_memory2_0_s1_cmd_width_adapter"
Info: Reusing file /home/nicholas/Downloads/DE0-Nano-SoC_v.1.1.0_SystemCD/Demonstrations/SoC_FPGA/ADC_DE0/soc_system/synthesis/submodules/altera_merlin_address_alignment.sv
Info: Reusing file /home/nicholas/Downloads/DE0-Nano-SoC_v.1.1.0_SystemCD/Demonstrations/SoC_FPGA/ADC_DE0/soc_system/synthesis/submodules/altera_merlin_burst_uncompressor.sv
Info: avalon_st_adapter: "mm_interconnect_0" instantiated altera_avalon_st_adapter "avalon_st_adapter"
Info: avalon_st_adapter_001: "mm_interconnect_0" instantiated altera_avalon_st_adapter "avalon_st_adapter_001"
Info: router: "mm_interconnect_1" instantiated altera_merlin_router "router"
Info: router_002: "mm_interconnect_1" instantiated altera_merlin_router "router_002"
Info: cmd_demux: "mm_interconnect_1" instantiated altera_merlin_demultiplexer "cmd_demux"
Info: cmd_mux: "mm_interconnect_1" instantiated altera_merlin_multiplexer "cmd_mux"
Info: Reusing file /home/nicholas/Downloads/DE0-Nano-SoC_v.1.1.0_SystemCD/Demonstrations/SoC_FPGA/ADC_DE0/soc_system/synthesis/submodules/altera_merlin_arbitrator.sv
Info: rsp_demux: "mm_interconnect_1" instantiated altera_merlin_demultiplexer "rsp_demux"
Info: rsp_mux: "mm_interconnect_1" instantiated altera_merlin_multiplexer "rsp_mux"
Info: Reusing file /home/nicholas/Downloads/DE0-Nano-SoC_v.1.1.0_SystemCD/Demonstrations/SoC_FPGA/ADC_DE0/soc_system/synthesis/submodules/altera_merlin_arbitrator.sv
Info: hps_0_f2h_axi_slave_agent: "mm_interconnect_2" instantiated altera_merlin_axi_slave_ni "hps_0_f2h_axi_slave_agent"
Info: Reusing file /home/nicholas/Downloads/DE0-Nano-SoC_v.1.1.0_SystemCD/Demonstrations/SoC_FPGA/ADC_DE0/soc_system/synthesis/submodules/altera_merlin_burst_uncompressor.sv
Info: Reusing file /home/nicholas/Downloads/DE0-Nano-SoC_v.1.1.0_SystemCD/Demonstrations/SoC_FPGA/ADC_DE0/soc_system/synthesis/submodules/altera_avalon_sc_fifo.v
Info: Reusing file /home/nicholas/Downloads/DE0-Nano-SoC_v.1.1.0_SystemCD/Demonstrations/SoC_FPGA/ADC_DE0/soc_system/synthesis/submodules/altera_merlin_address_alignment.sv
Info: router: "mm_interconnect_2" instantiated altera_merlin_router "router"
Info: router_001: "mm_interconnect_2" instantiated altera_merlin_router "router_001"
Info: cmd_demux: "mm_interconnect_2" instantiated altera_merlin_demultiplexer "cmd_demux"
Info: cmd_mux: "mm_interconnect_2" instantiated altera_merlin_multiplexer "cmd_mux"
Info: Reusing file /home/nicholas/Downloads/DE0-Nano-SoC_v.1.1.0_SystemCD/Demonstrations/SoC_FPGA/ADC_DE0/soc_system/synthesis/submodules/altera_merlin_arbitrator.sv
Info: rsp_demux: "mm_interconnect_2" instantiated altera_merlin_demultiplexer "rsp_demux"
Info: rsp_mux: "mm_interconnect_2" instantiated altera_merlin_multiplexer "rsp_mux"
Info: Reusing file /home/nicholas/Downloads/DE0-Nano-SoC_v.1.1.0_SystemCD/Demonstrations/SoC_FPGA/ADC_DE0/soc_system/synthesis/submodules/altera_merlin_arbitrator.sv
Info: border: "hps_io" instantiated altera_interface_generator "border"
Info: error_adapter_0: "avalon_st_adapter" instantiated error_adapter "error_adapter_0"
Info: error_adapter_0: "avalon_st_adapter_001" instantiated error_adapter "error_adapter_0"
Info: soc_system: Done "soc_system" with 59 modules, 125 files
Info: qsys-generate succeeded.
Info: Finished: Create HDL design files for synthesis
